14:42:58.211 [main] INFO  - ************ Click on Any destination country *************** 
14:43:01.501 [main] INFO  - ************ click on next page to navigate date page *************** 
14:43:01.862 [main] INFO  - ************ choose the date and click on next *************** 
14:43:05.797 [main] INFO  - ************ Select number of traveller and age and click on next *************** 
14:43:12.775 [main] INFO  - ************ Choose the medical history details *************** 
14:43:16.329 [main] INFO  - ************ The plan page is visible *************** 
14:45:32.670 [main] INFO  - ************ Navigate to travel insurance page *************** 
14:45:37.091 [main] INFO  - ************ Click on Any destination country *************** 
14:45:40.396 [main] INFO  - ************ click on next page to navigate date page *************** 
14:45:40.698 [main] INFO  - ************ choose the date and click on next *************** 
14:45:44.558 [main] INFO  - ************ Select number of traveller and age and click on next *************** 
14:45:51.560 [main] INFO  - ************ Choose the medical history details *************** 
14:45:55.062 [main] INFO  - ************ The plan page is visible *************** 
14:57:49.032 [main] INFO  - ************ Navigate to travel insurance page *************** 
14:57:51.693 [main] INFO  - ************ Click on Any destination country *************** 
14:57:55.012 [main] INFO  - ************ click on next page to navigate date page *************** 
14:57:55.362 [main] INFO  - ************ choose the date and click on next *************** 
14:57:59.698 [main] INFO  - ************ Select number of traveller and age and click on next *************** 
14:58:06.727 [main] INFO  - ************ Choose the medical history details *************** 
14:58:10.256 [main] INFO  - ************ The plan page is visible *************** 
15:04:08.607 [main] INFO  - ************ Navigate to travel insurance page *************** 
15:04:12.197 [main] INFO  - ************ Click on Any destination country *************** 
15:04:15.500 [main] INFO  - ************ click on next page to navigate date page *************** 
15:04:15.785 [main] INFO  - ************ choose the date and click on next *************** 
15:04:19.921 [main] INFO  - ************ Select number of traveller and age and click on next *************** 
15:04:27.016 [main] INFO  - ************ Choose the medical history details *************** 
15:04:30.531 [main] INFO  - ************ The plan page is visible *************** 
15:11:48.115 [main] INFO  - ************ Navigate to travel insurance page *************** 
15:11:51.642 [main] INFO  - ************ Click on Any destination country *************** 
15:11:54.932 [main] INFO  - ************ click on next page to navigate date page *************** 
15:11:55.241 [main] INFO  - ************ choose the date and click on next *************** 
15:11:59.063 [main] INFO  - ************ Select number of traveller and age and click on next *************** 
15:12:06.321 [main] INFO  - ************ Choose the medical history details *************** 
15:12:09.807 [main] INFO  - ************ The plan page is visible *************** 
15:13:13.038 [main] INFO  - ************ Navigate to travel insurance page *************** 
15:13:16.035 [main] INFO  - ************ Click on Any destination country *************** 
15:13:19.385 [main] INFO  - ************ click on next page to navigate date page *************** 
15:13:19.707 [main] INFO  - ************ choose the date and click on next *************** 
15:13:23.687 [main] INFO  - ************ Select number of traveller and age and click on next *************** 
15:13:31.045 [main] INFO  - ************ Choose the medical history details *************** 
15:13:34.515 [main] INFO  - ************ The plan page is visible *************** 
15:18:59.800 [main] INFO  - ********** Navigate to car insurance page **************** 
15:19:03.188 [main] INFO  - ************ Proceed without providing car number *************** 
15:19:04.998 [main] INFO  - ************ Select city and RTO number *************** 
15:19:05.966 [main] INFO  - ************ Select car brand *************** 
15:19:06.357 [main] INFO  - ************ Select car model *************** 
15:19:06.742 [main] INFO  - ************ Select car varient *************** 
15:19:07.055 [main] INFO  - ************ Verify the user details page is displayed *************** 
15:19:07.468 [main] INFO  - ************ Fill the invalid phone number or email *************** 
15:19:13.882 [main] INFO  - ************ Print the error message *************** 
15:20:24.430 [main] INFO  - ************ Click insurance products menu *************** 
15:21:56.931 [main] INFO  - ************ Click insurance products menu *************** 
15:21:57.368 [main] INFO  - ************ Navigate to Health insurance page *************** 
15:22:02.578 [main] INFO  - ************ verify the health insurance page is displayed *************** 
15:22:02.807 [main] INFO  - ************ hover the health insurance menu *************** 
15:22:03.121 [main] INFO  - ************ Retrieve all the sub menus successfully *************** 
15:22:43.523 [main] INFO  - ************ Navigate to travel insurance page *************** 
15:22:47.003 [main] INFO  - ************ Click on Any destination country *************** 
15:22:50.282 [main] INFO  - ************ click on next page to navigate date page *************** 
15:22:50.620 [main] INFO  - ************ choose the date and click on next *************** 
15:22:54.394 [main] INFO  - ************ Select number of traveller and age and click on next *************** 
15:23:06.823 [main] INFO  - ************ Choose the medical history details *************** 
15:23:10.345 [main] INFO  - ************ The plan page is visible *************** 
16:51:19.747 [main] INFO  - ************ Navigate to travel insurance page *************** 
16:51:23.471 [main] INFO  - ************ Click on Any destination country *************** 
16:51:26.762 [main] INFO  - ************ click on next page to navigate date page *************** 
16:51:27.082 [main] INFO  - ************ choose the date and click on next *************** 
16:51:31.014 [main] INFO  - ************ Select number of traveller and age and click on next *************** 
16:51:37.985 [main] INFO  - ************ Choose the medical history details *************** 
16:51:43.060 [main] INFO  - ************ The plan page is visible *************** 
16:51:52.448 [main] INFO  - ************ The premium low to hign is select *************** 
16:52:11.080 [main] INFO  - ************ The lowest international travel plan is displayed *************** 
17:00:09.860 [main] INFO  - ************ Navigate to travel insurance page *************** 
17:00:12.449 [main] INFO  - ************ Click on Any destination country *************** 
17:00:15.820 [main] INFO  - ************ click on next page to navigate date page *************** 
17:00:16.118 [main] INFO  - ************ choose the date and click on next *************** 
17:00:20.199 [main] INFO  - ************ Select number of traveller and age and click on next *************** 
17:00:27.138 [main] INFO  - ************ Choose the medical history details *************** 
17:00:33.069 [main] INFO  - ************ The plan page is visible *************** 
17:00:42.408 [main] INFO  - ************ The premium low to hign is select *************** 
17:01:01.035 [main] INFO  - ************ The lowest international travel plan is displayed *************** 
17:01:34.010 [main] INFO  - ************ Navigate to travel insurance page *************** 
17:01:36.544 [main] INFO  - ************ Click on Any destination country *************** 
17:01:39.903 [main] INFO  - ************ click on next page to navigate date page *************** 
17:01:40.224 [main] INFO  - ************ choose the date and click on next *************** 
17:01:44.321 [main] INFO  - ************ Select number of traveller and age and click on next *************** 
17:01:51.236 [main] INFO  - ************ Choose the medical history details *************** 
17:01:55.570 [main] INFO  - ************ The plan page is visible *************** 
17:02:04.894 [main] INFO  - ************ The premium low to hign is select *************** 
17:02:23.528 [main] INFO  - ************ The lowest international travel plan is displayed *************** 
17:29:12.675 [main] INFO  - ************ Navigate to travel insurance page *************** 
17:29:15.200 [main] INFO  - ************ Click on Any destination country *************** 
17:29:18.497 [main] INFO  - ************ click on next page to navigate date page *************** 
17:29:18.809 [main] INFO  - ************ choose the date and click on next *************** 
17:29:22.850 [main] INFO  - ************ Select number of traveller and age and click on next *************** 
17:29:29.819 [main] INFO  - ************ Choose the medical history details *************** 
17:29:34.310 [main] INFO  - ************ The plan page is visible *************** 
17:29:43.648 [main] INFO  - ************ The premium low to hign is select *************** 
17:30:02.238 [main] INFO  - ************ The lowest international travel plan is displayed *************** 
17:30:10.805 [main] INFO  - ********** Navigate to car insurance page **************** 
17:30:14.072 [main] INFO  - ************ Proceed without providing car number *************** 
17:30:15.203 [main] INFO  - ************ Select city and RTO number *************** 
17:30:15.675 [main] INFO  - ************ Select car brand *************** 
17:30:15.989 [main] INFO  - ************ Select car model *************** 
17:30:16.216 [main] INFO  - ************ Select car varient *************** 
17:30:16.427 [main] INFO  - ************ Verify the user details page is displayed *************** 
17:30:16.581 [main] INFO  - ************ Fill the invalid phone number or email *************** 
17:30:22.164 [main] INFO  - ************ Print the error message *************** 
17:30:32.646 [main] INFO  - ************ Click insurance products menu *************** 
17:30:33.152 [main] INFO  - ************ Navigate to Health insurance page *************** 
17:30:35.334 [main] INFO  - ************ verify the health insurance page is displayed *************** 
17:30:35.567 [main] INFO  - ************ hover the health insurance menu *************** 
17:30:35.865 [main] INFO  - ************ Retrieve all the sub menus successfully *************** 
20:44:04.653 [main] INFO  - ************ Navigate to travel insurance page *************** 
20:44:08.171 [main] INFO  - ************ Click on Any destination country *************** 
20:44:11.654 [main] INFO  - ************ click on next page to navigate date page *************** 
20:44:12.243 [main] INFO  - ************ choose the date and click on next *************** 
20:44:17.252 [main] INFO  - ************ Select number of traveller and age and click on next *************** 
20:44:24.902 [main] INFO  - ************ Choose the medical history details *************** 
20:44:30.425 [main] INFO  - ************ The plan page is visible *************** 
20:44:40.002 [main] INFO  - ************ The premium low to hign is select *************** 
20:44:59.176 [main] INFO  - ************ The lowest international travel plan is displayed *************** 
20:45:10.368 [main] INFO  - ********** Navigate to car insurance page **************** 
20:45:13.745 [main] INFO  - ************ Proceed without providing car number *************** 
20:45:15.361 [main] INFO  - ************ Select city and RTO number *************** 
20:45:16.322 [main] INFO  - ************ Select car brand *************** 
20:45:16.771 [main] INFO  - ************ Select car model *************** 
20:45:17.202 [main] INFO  - ************ Select car varient *************** 
20:45:17.636 [main] INFO  - ************ Verify the user details page is displayed *************** 
20:45:17.930 [main] INFO  - ************ Fill the invalid phone number or email *************** 
20:45:23.752 [main] INFO  - ************ Print the error message *************** 
20:45:36.540 [main] INFO  - ************ Click insurance products menu *************** 
20:45:37.766 [main] INFO  - ************ Navigate to Health insurance page *************** 
20:45:39.907 [main] INFO  - ************ verify the health insurance page is displayed *************** 
20:45:40.503 [main] INFO  - ************ hover the health insurance menu *************** 
20:45:40.949 [main] INFO  - ************ Retrieve all the sub menus successfully *************** 
21:26:58.190 [main] INFO  - ************ Navigate to travel insurance page *************** 
21:27:02.136 [main] INFO  - ************ Click on Any destination country *************** 
21:27:05.579 [main] INFO  - ************ click on next page to navigate date page *************** 
21:27:06.169 [main] INFO  - ************ choose the date and click on next *************** 
21:27:11.069 [main] INFO  - ************ Select number of traveller and age and click on next *************** 
21:27:19.085 [main] INFO  - ************ Choose the medical history details *************** 
21:27:22.598 [main] INFO  - ************ The plan page is visible *************** 
21:28:53.887 [main] INFO  - ************ Navigate to travel insurance page *************** 
21:28:57.030 [main] INFO  - ************ Click on Any destination country *************** 
21:29:00.495 [main] INFO  - ************ click on next page to navigate date page *************** 
21:29:01.069 [main] INFO  - ************ choose the date and click on next *************** 
21:29:06.095 [main] INFO  - ************ Select number of traveller and age and click on next *************** 
21:29:13.830 [main] INFO  - ************ Choose the medical history details *************** 
21:29:14.850 [main] INFO  - ************ The plan page is visible *************** 
21:30:04.787 [main] INFO  - ************ Navigate to travel insurance page *************** 
21:30:08.216 [main] INFO  - ************ Click on Any destination country *************** 
21:30:11.615 [main] INFO  - ************ click on next page to navigate date page *************** 
21:30:12.146 [main] INFO  - ************ choose the date and click on next *************** 
21:30:16.797 [main] INFO  - ************ Select number of traveller and age and click on next *************** 
21:30:24.411 [main] INFO  - ************ Choose the medical history details *************** 
21:30:26.949 [main] INFO  - ************ The plan page is visible *************** 
21:30:36.424 [main] INFO  - ************ The premium low to hign is select *************** 
21:30:55.360 [main] INFO  - ************ The lowest international travel plan is displayed *************** 
21:50:07.199 [main] INFO  - ************ Navigate to travel insurance page *************** 
21:50:10.190 [main] INFO  - ************ Click on Any destination country *************** 
21:50:13.613 [main] INFO  - ************ click on next page to navigate date page *************** 
21:50:14.162 [main] INFO  - ************ choose the date and click on next *************** 
21:50:18.756 [main] INFO  - ************ Select number of traveller and age and click on next *************** 
21:50:26.406 [main] INFO  - ************ Choose the medical history details *************** 
21:50:29.063 [main] INFO  - ************ The plan page is visible *************** 
21:50:38.634 [main] INFO  - ************ The premium low to hign is select *************** 
21:50:57.484 [main] INFO  - ************ The lowest international travel plan is displayed *************** 
21:51:08.754 [main] INFO  - ********** Navigate to car insurance page **************** 
21:51:12.102 [main] INFO  - ************ Proceed without providing car number *************** 
21:51:13.732 [main] INFO  - ************ Select city and RTO number *************** 
21:51:14.568 [main] INFO  - ************ Select car brand *************** 
21:51:14.875 [main] INFO  - ************ Select car model *************** 
21:51:15.208 [main] INFO  - ************ Select car varient *************** 
21:51:15.561 [main] INFO  - ************ Verify the user details page is displayed *************** 
21:51:15.810 [main] INFO  - ************ Fill the invalid phone number or email *************** 
21:51:21.725 [main] INFO  - ************ Print the error message *************** 
21:51:34.482 [main] INFO  - ************ Click insurance products menu *************** 
21:51:35.445 [main] INFO  - ************ Navigate to Health insurance page *************** 
21:51:37.536 [main] INFO  - ************ verify the health insurance page is displayed *************** 
21:51:38.015 [main] INFO  - ************ hover the health insurance menu *************** 
21:51:38.385 [main] INFO  - ************ Retrieve all the sub menus successfully *************** 
