11:19:11.219 [main] INFO  - ************ The premium low to hign is select *************** 
11:19:30.214 [main] INFO  - ************ The lowest international travel plan is displayed *************** 
11:20:13.605 [main] INFO  - ********** Navigate to car insurance page **************** 
11:20:17.017 [main] INFO  - ************ Proceed without providing car number *************** 
11:20:20.469 [main] INFO  - ************ Select city and RTO number *************** 
11:20:27.165 [main] INFO  - ************ Select car brand *************** 
11:20:30.807 [main] INFO  - ************ Select car model *************** 
11:20:34.264 [main] INFO  - ************ Select car varient *************** 
11:20:37.544 [main] INFO  - ************ Verify the user details page is displayed *************** 
11:20:37.941 [main] INFO  - ************ Fill the invalid phone number or email *************** 
11:20:44.789 [main] INFO  - ************ Print the error message *************** 
11:21:29.886 [main] INFO  - ************ Click insurance products menu *************** 
11:21:31.441 [main] INFO  - ************ Navigate to Health insurance page *************** 
11:22:00.722 [main] INFO  - ************ verify the health insurance page is displayed *************** 
11:22:01.314 [main] INFO  - ************ hover the health insurance menu *************** 
11:22:01.803 [main] INFO  - ************ Retrieve all the sub menus successfully *************** 
12:02:02.002 [main] INFO  - ************ Navigate to travel insurance page *************** 
12:02:04.913 [main] INFO  - ************ Click on Any destination country *************** 
12:02:08.226 [main] INFO  - ************ click on next page to navigate date page *************** 
12:02:08.623 [main] INFO  - ************ choose the date and click on next *************** 
12:02:13.235 [main] INFO  - ************ Select number of traveller and age and click on next *************** 
12:02:20.395 [main] INFO  - ************ Choose the medical history details *************** 
12:02:20.823 [main] INFO  - ************ The plan page is visible *************** 
12:02:30.189 [main] INFO  - ************ The premium low to hign is select *************** 
12:02:48.883 [main] INFO  - ************ The lowest international travel plan is displayed *************** 
12:03:01.910 [main] INFO  - ********** Navigate to car insurance page **************** 
12:03:05.212 [main] INFO  - ************ Proceed without providing car number *************** 
12:03:08.525 [main] INFO  - ************ Select city and RTO number *************** 
12:03:14.944 [main] INFO  - ************ Select car brand *************** 
12:03:18.212 [main] INFO  - ************ Select car model *************** 
12:03:21.434 [main] INFO  - ************ Select car varient *************** 
12:03:24.630 [main] INFO  - ************ Verify the user details page is displayed *************** 
12:03:24.924 [main] INFO  - ************ Fill the invalid phone number or email *************** 
12:03:31.503 [main] INFO  - ************ Print the error message *************** 
12:03:47.556 [main] INFO  - ************ Click insurance products menu *************** 
12:03:48.190 [main] INFO  - ************ Navigate to Health insurance page *************** 
12:03:52.312 [main] INFO  - ************ verify the health insurance page is displayed *************** 
12:03:52.560 [main] INFO  - ************ hover the health insurance menu *************** 
12:03:52.883 [main] INFO  - ************ Retrieve all the sub menus successfully *************** 
15:12:43.172 [main] INFO  - ************ Navigate to travel insurance page *************** 
15:12:46.939 [main] INFO  - ************ Click on Any destination country *************** 
15:12:50.585 [main] INFO  - ************ click on next page to navigate date page *************** 
15:12:51.190 [main] INFO  - ************ choose the date and click on next *************** 
15:12:56.675 [main] INFO  - ************ Select number of traveller and age and click on next *************** 
15:13:04.617 [main] INFO  - ************ Choose the medical history details *************** 
15:13:06.000 [main] INFO  - ************ The plan page is visible *************** 
15:13:18.748 [main] INFO  - ************ The premium low to hign is select *************** 
15:15:03.464 [main] INFO  - ************ Navigate to travel insurance page *************** 
15:15:07.565 [main] INFO  - ************ Click on Any destination country *************** 
15:15:11.016 [main] INFO  - ************ click on next page to navigate date page *************** 
15:15:11.598 [main] INFO  - ************ choose the date and click on next *************** 
15:15:16.932 [main] INFO  - ************ Select number of traveller and age and click on next *************** 
15:15:24.907 [main] INFO  - ************ Choose the medical history details *************** 
15:15:28.895 [main] INFO  - ************ The plan page is visible *************** 
15:15:38.425 [main] INFO  - ************ The premium low to hign is select *************** 
15:15:57.382 [main] INFO  - ************ The lowest international travel plan is displayed *************** 
15:16:39.567 [main] INFO  - ********** Navigate to car insurance page **************** 
15:16:42.955 [main] INFO  - ************ Proceed without providing car number *************** 
15:16:46.459 [main] INFO  - ************ Select city and RTO number *************** 
15:16:53.134 [main] INFO  - ************ Select car brand *************** 
15:16:56.433 [main] INFO  - ************ Select car model *************** 
15:16:59.697 [main] INFO  - ************ Select car varient *************** 
15:17:03.141 [main] INFO  - ************ Verify the user details page is displayed *************** 
15:17:03.453 [main] INFO  - ************ Fill the invalid phone number or email *************** 
15:17:10.353 [main] INFO  - ************ Print the error message *************** 
15:17:54.332 [main] INFO  - ************ Click insurance products menu *************** 
15:17:55.133 [main] INFO  - ************ Navigate to Health insurance page *************** 
15:18:24.809 [main] INFO  - ************ verify the health insurance page is displayed *************** 
15:18:25.124 [main] INFO  - ************ hover the health insurance menu *************** 
15:18:25.643 [main] INFO  - ************ Retrieve all the sub menus successfully *************** 
21:15:47.407 [main] INFO  - ************ Navigate to travel insurance page *************** 
21:15:49.509 [main] INFO  - ************ Click on Any destination country *************** 
21:15:52.944 [main] INFO  - ************ click on next page to navigate date page *************** 
21:15:53.434 [main] INFO  - ************ choose the date and click on next *************** 
21:15:57.545 [main] INFO  - ************ Select number of traveller and age and click on next *************** 
21:16:04.605 [main] INFO  - ************ Choose the medical history details *************** 
21:16:05.023 [main] INFO  - ************ The plan page is visible *************** 
21:16:14.439 [main] INFO  - ************ The premium low to hign is select *************** 
21:16:51.743 [main] INFO  - ********** Navigate to car insurance page **************** 
09:28:03.267 [main] INFO  - ************ Navigate to travel insurance page *************** 
09:44:24.901 [main] INFO  - ************ Navigate to travel insurance page *************** 
09:44:29.702 [main] INFO  - ************ Click on Any destination country *************** 
09:44:33.179 [main] INFO  - ************ click on next page to navigate date page *************** 
09:44:33.639 [main] INFO  - ************ choose the date and click on next *************** 
09:44:38.747 [main] INFO  - ************ Select number of traveller and age and click on next *************** 
09:44:46.647 [main] INFO  - ************ Choose the medical history details *************** 
09:44:47.277 [main] INFO  - ************ The plan page is visible *************** 
09:44:56.745 [main] INFO  - ************ The premium low to hign is select *************** 
09:45:15.662 [main] INFO  - ************ The lowest international travel plan is displayed *************** 
09:45:28.182 [main] INFO  - ********** Navigate to car insurance page **************** 
09:45:31.612 [main] INFO  - ************ Proceed without providing car number *************** 
09:45:35.123 [main] INFO  - ************ Select city and RTO number *************** 
09:45:41.805 [main] INFO  - ************ Select car brand *************** 
09:45:45.161 [main] INFO  - ************ Select car model *************** 
09:45:48.404 [main] INFO  - ************ Select car varient *************** 
09:45:51.707 [main] INFO  - ************ Verify the user details page is displayed *************** 
09:45:51.982 [main] INFO  - ************ Fill the invalid phone number or email *************** 
09:45:58.797 [main] INFO  - ************ Print the error message *************** 
09:46:42.185 [main] INFO  - ************ Click insurance products menu *************** 
09:46:43.032 [main] INFO  - ************ Navigate to Health insurance page *************** 
09:46:45.474 [main] INFO  - ************ verify the health insurance page is displayed *************** 
09:46:45.835 [main] INFO  - ************ hover the health insurance menu *************** 
09:46:46.340 [main] INFO  - ************ Retrieve all the sub menus successfully *************** 
09:36:19.530 [main] INFO  - ************ Navigate to travel insurance page *************** 
09:36:23.951 [main] INFO  - ************ Click on Any destination country *************** 
09:36:27.336 [main] INFO  - ************ click on next page to navigate date page *************** 
09:36:27.819 [main] INFO  - ************ choose the date and click on next *************** 
09:36:32.435 [main] INFO  - ************ Select number of traveller and age and click on next *************** 
09:36:40.139 [main] INFO  - ************ Choose the medical history details *************** 
09:36:40.709 [main] INFO  - ************ The plan page is visible *************** 
09:36:50.202 [main] INFO  - ************ The premium low to hign is select *************** 
09:37:09.050 [main] INFO  - ************ The lowest international travel plan is displayed *************** 
09:37:19.553 [main] INFO  - ********** Navigate to car insurance page **************** 
09:37:23.056 [main] INFO  - ************ Proceed without providing car number *************** 
09:37:26.561 [main] INFO  - ************ Select city and RTO number *************** 
09:37:33.155 [main] INFO  - ************ Select car brand *************** 
09:37:36.413 [main] INFO  - ************ Select car model *************** 
09:37:39.598 [main] INFO  - ************ Select car varient *************** 
09:37:42.809 [main] INFO  - ************ Verify the user details page is displayed *************** 
09:37:43.091 [main] INFO  - ************ Fill the invalid phone number or email *************** 
09:37:49.836 [main] INFO  - ************ Print the error message *************** 
09:38:02.344 [main] INFO  - ************ Click insurance products menu *************** 
09:38:03.198 [main] INFO  - ************ Navigate to Health insurance page *************** 
09:38:32.671 [main] INFO  - ************ verify the health insurance page is displayed *************** 
09:38:33.021 [main] INFO  - ************ hover the health insurance menu *************** 
09:38:33.507 [main] INFO  - ************ Retrieve all the sub menus successfully *************** 
11:03:00.463 [main] INFO  - ************ Navigate to travel insurance page *************** 
11:03:03.797 [main] INFO  - ************ Click on Any destination country *************** 
11:03:07.098 [main] INFO  - ************ click on next page to navigate date page *************** 
11:03:07.451 [main] INFO  - ************ choose the date and click on next *************** 
11:03:11.543 [main] INFO  - ************ Select number of traveller and age and click on next *************** 
11:03:18.507 [main] INFO  - ************ Choose the medical history details *************** 
11:03:18.892 [main] INFO  - ************ The plan page is visible *************** 
11:03:28.270 [main] INFO  - ************ The premium low to hign is select *************** 
11:03:46.918 [main] INFO  - ************ The lowest international travel plan is displayed *************** 
11:04:26.049 [main] INFO  - ********** Navigate to car insurance page **************** 
11:04:29.387 [main] INFO  - ************ Proceed without providing car number *************** 
11:04:32.717 [main] INFO  - ************ Select city and RTO number *************** 
11:04:39.077 [main] INFO  - ************ Select car brand *************** 
11:04:42.334 [main] INFO  - ************ Select car model *************** 
11:04:45.524 [main] INFO  - ************ Select car varient *************** 
11:04:48.775 [main] INFO  - ************ Verify the user details page is displayed *************** 
11:04:48.976 [main] INFO  - ************ Fill the invalid phone number or email *************** 
11:04:55.666 [main] INFO  - ************ Print the error message *************** 
11:05:07.419 [main] INFO  - ************ Click insurance products menu *************** 
11:05:08.137 [main] INFO  - ************ Navigate to Health insurance page *************** 
11:05:09.947 [main] INFO  - ************ verify the health insurance page is displayed *************** 
11:05:10.202 [main] INFO  - ************ hover the health insurance menu *************** 
11:05:10.583 [main] INFO  - ************ Retrieve all the sub menus successfully *************** 
11:30:20.038 [main] INFO  - ************ Navigate to travel insurance page *************** 
11:30:23.702 [main] INFO  - ************ Click on Any destination country *************** 
11:30:27.012 [main] INFO  - ************ click on next page to navigate date page *************** 
11:30:27.343 [main] INFO  - ************ choose the date and click on next *************** 
11:30:31.359 [main] INFO  - ************ Select number of traveller and age and click on next *************** 
11:30:38.520 [main] INFO  - ************ Choose the medical history details *************** 
11:30:38.951 [main] INFO  - ************ The plan page is visible *************** 
11:30:48.334 [main] INFO  - ************ The premium low to hign is select *************** 
11:31:07.028 [main] INFO  - ************ The lowest international travel plan is displayed *************** 
11:31:16.191 [main] INFO  - ********** Navigate to car insurance page **************** 
11:31:19.522 [main] INFO  - ************ Proceed without providing car number *************** 
11:31:22.801 [main] INFO  - ************ Select city and RTO number *************** 
11:31:29.199 [main] INFO  - ************ Select car brand *************** 
11:31:32.463 [main] INFO  - ************ Select car model *************** 
11:31:35.691 [main] INFO  - ************ Select car varient *************** 
11:31:38.926 [main] INFO  - ************ Verify the user details page is displayed *************** 
11:31:39.118 [main] INFO  - ************ Fill the invalid phone number or email *************** 
11:31:45.759 [main] INFO  - ************ Print the error message *************** 
11:31:57.980 [main] INFO  - ************ Click insurance products menu *************** 
11:31:58.577 [main] INFO  - ************ Navigate to Health insurance page *************** 
11:32:28.261 [main] INFO  - ************ verify the health insurance page is displayed *************** 
11:32:28.488 [main] INFO  - ************ hover the health insurance menu *************** 
11:32:28.806 [main] INFO  - ************ Retrieve all the sub menus successfully *************** 
11:33:42.263 [main] INFO  - ************ Navigate to travel insurance page *************** 
11:33:45.839 [main] INFO  - ************ Click on Any destination country *************** 
11:33:49.183 [main] INFO  - ************ click on next page to navigate date page *************** 
11:33:49.503 [main] INFO  - ************ choose the date and click on next *************** 
11:33:53.482 [main] INFO  - ************ Select number of traveller and age and click on next *************** 
11:34:00.561 [main] INFO  - ************ Choose the medical history details *************** 
11:34:00.962 [main] INFO  - ************ The plan page is visible *************** 
11:34:10.308 [main] INFO  - ************ The premium low to hign is select *************** 
11:34:28.930 [main] INFO  - ************ The lowest international travel plan is displayed *************** 
11:34:37.998 [main] INFO  - ********** Navigate to car insurance page **************** 
11:34:41.256 [main] INFO  - ************ Proceed without providing car number *************** 
11:34:44.559 [main] INFO  - ************ Select city and RTO number *************** 
11:34:50.959 [main] INFO  - ************ Select car brand *************** 
11:34:54.167 [main] INFO  - ************ Select car model *************** 
11:34:57.356 [main] INFO  - ************ Select car varient *************** 
11:35:00.556 [main] INFO  - ************ Verify the user details page is displayed *************** 
11:35:00.864 [main] INFO  - ************ Fill the invalid phone number or email *************** 
11:35:07.366 [main] INFO  - ************ Print the error message *************** 
11:35:49.940 [main] INFO  - ************ Click insurance products menu *************** 
11:35:50.460 [main] INFO  - ************ Navigate to Health insurance page *************** 
11:36:22.302 [main] INFO  - ************ verify the health insurance page is displayed *************** 
11:36:22.502 [main] INFO  - ************ hover the health insurance menu *************** 
11:36:22.829 [main] INFO  - ************ Retrieve all the sub menus successfully *************** 
13:31:49.756 [main] INFO  - ************ Navigate to travel insurance page *************** 
13:31:53.123 [main] INFO  - ************ Click on Any destination country *************** 
13:31:56.457 [main] INFO  - ************ click on next page to navigate date page *************** 
13:31:56.782 [main] INFO  - ************ choose the date and click on next *************** 
13:32:00.841 [main] INFO  - ************ Select number of traveller and age and click on next *************** 
13:32:07.912 [main] INFO  - ************ Choose the medical history details *************** 
13:32:08.362 [main] INFO  - ************ The plan page is visible *************** 
13:32:17.695 [main] INFO  - ************ The premium low to hign is select *************** 
13:32:36.393 [main] INFO  - ************ The lowest international travel plan is displayed *************** 
13:32:45.005 [main] INFO  - ********** Navigate to car insurance page **************** 
13:32:48.299 [main] INFO  - ************ Proceed without providing car number *************** 
13:32:51.564 [main] INFO  - ************ Select city and RTO number *************** 
13:32:57.964 [main] INFO  - ************ Select car brand *************** 
13:33:01.163 [main] INFO  - ************ Select car model *************** 
13:33:04.354 [main] INFO  - ************ Select car varient *************** 
13:33:07.544 [main] INFO  - ************ Verify the user details page is displayed *************** 
13:33:07.737 [main] INFO  - ************ Fill the invalid phone number or email *************** 
13:33:14.245 [main] INFO  - ************ Print the error message *************** 
13:33:55.635 [main] INFO  - ************ Click insurance products menu *************** 
13:33:56.123 [main] INFO  - ************ Navigate to Health insurance page *************** 
13:34:28.201 [main] INFO  - ************ verify the health insurance page is displayed *************** 
13:34:28.416 [main] INFO  - ************ hover the health insurance menu *************** 
13:34:28.723 [main] INFO  - ************ Retrieve all the sub menus successfully *************** 
09:30:09.603 [main] INFO  - ************ Navigate to travel insurance page *************** 
09:30:14.187 [main] INFO  - ************ Click on Any destination country *************** 
09:30:17.622 [main] INFO  - ************ click on next page to navigate date page *************** 
09:30:18.171 [main] INFO  - ************ choose the date and click on next *************** 
09:30:22.922 [main] INFO  - ************ Select number of traveller and age and click on next *************** 
09:30:30.801 [main] INFO  - ************ Choose the medical history details *************** 
09:30:31.383 [main] INFO  - ************ The plan page is visible *************** 
09:30:40.922 [main] INFO  - ************ The premium low to hign is select *************** 
09:30:59.721 [main] INFO  - ************ The lowest international travel plan is displayed *************** 
09:31:09.549 [main] INFO  - ********** Navigate to car insurance page **************** 
09:31:12.951 [main] INFO  - ************ Proceed without providing car number *************** 
09:31:16.452 [main] INFO  - ************ Select city and RTO number *************** 
09:31:22.980 [main] INFO  - ************ Select car brand *************** 
09:31:26.277 [main] INFO  - ************ Select car model *************** 
09:31:29.671 [main] INFO  - ************ Select car varient *************** 
09:31:32.890 [main] INFO  - ************ Verify the user details page is displayed *************** 
09:31:33.231 [main] INFO  - ************ Fill the invalid phone number or email *************** 
09:31:39.956 [main] INFO  - ************ Print the error message *************** 
09:31:52.282 [main] INFO  - ************ Click insurance products menu *************** 
09:31:53.167 [main] INFO  - ************ Navigate to Health insurance page *************** 
09:32:22.683 [main] INFO  - ************ verify the health insurance page is displayed *************** 
09:32:23.014 [main] INFO  - ************ hover the health insurance menu *************** 
09:32:23.623 [main] INFO  - ************ Retrieve all the sub menus successfully *************** 
10:02:12.470 [main] INFO  - ************ Navigate to travel insurance page *************** 
10:02:16.122 [main] INFO  - ************ Click on Any destination country *************** 
10:02:19.533 [main] INFO  - ************ click on next page to navigate date page *************** 
10:02:19.933 [main] INFO  - ************ choose the date and click on next *************** 
10:02:24.592 [main] INFO  - ************ Select number of traveller and age and click on next *************** 
10:02:32.050 [main] INFO  - ************ Choose the medical history details *************** 
10:02:36.163 [main] INFO  - ************ The plan page is visible *************** 
10:02:46.141 [main] INFO  - ************ The premium low to hign is select *************** 
10:03:05.048 [main] INFO  - ************ The lowest international travel plan is displayed *************** 
10:03:45.598 [main] INFO  - ********** Navigate to car insurance page **************** 
10:03:48.933 [main] INFO  - ************ Proceed without providing car number *************** 
10:03:52.359 [main] INFO  - ************ Select city and RTO number *************** 
10:03:59.048 [main] INFO  - ************ Select car brand *************** 
10:04:02.433 [main] INFO  - ************ Select car model *************** 
10:04:05.722 [main] INFO  - ************ Select car varient *************** 
10:04:08.989 [main] INFO  - ************ Verify the user details page is displayed *************** 
10:04:09.259 [main] INFO  - ************ Fill the invalid phone number or email *************** 
10:04:15.910 [main] INFO  - ************ Print the error message *************** 
10:04:28.590 [main] INFO  - ************ Click insurance products menu *************** 
10:04:29.439 [main] INFO  - ************ Navigate to Health insurance page *************** 
10:04:31.731 [main] INFO  - ************ verify the health insurance page is displayed *************** 
10:04:32.236 [main] INFO  - ************ hover the health insurance menu *************** 
10:04:32.620 [main] INFO  - ************ Retrieve all the sub menus successfully *************** 
11:12:58.931 [main] INFO  - ************ Navigate to travel insurance page *************** 
11:13:03.767 [main] INFO  - ************ Click on Any destination country *************** 
11:13:07.290 [main] INFO  - ************ click on next page to navigate date page *************** 
11:13:07.726 [main] INFO  - ************ choose the date and click on next *************** 
11:13:12.207 [main] INFO  - ************ Select number of traveller and age and click on next *************** 
11:13:19.867 [main] INFO  - ************ Choose the medical history details *************** 
11:13:20.517 [main] INFO  - ************ The plan page is visible *************** 
11:13:30.027 [main] INFO  - ************ The premium low to hign is select *************** 
11:13:48.978 [main] INFO  - ************ The lowest international travel plan is displayed *************** 
11:14:01.855 [main] INFO  - ********** Navigate to car insurance page **************** 
11:14:05.384 [main] INFO  - ************ Proceed without providing car number *************** 
11:14:08.891 [main] INFO  - ************ Select city and RTO number *************** 
11:14:15.610 [main] INFO  - ************ Select car brand *************** 
11:14:18.966 [main] INFO  - ************ Select car model *************** 
11:14:22.229 [main] INFO  - ************ Select car varient *************** 
11:14:25.715 [main] INFO  - ************ Verify the user details page is displayed *************** 
11:14:25.993 [main] INFO  - ************ Fill the invalid phone number or email *************** 
11:14:32.756 [main] INFO  - ************ Print the error message *************** 
11:14:46.222 [main] INFO  - ************ Click insurance products menu *************** 
11:14:47.299 [main] INFO  - ************ Navigate to Health insurance page *************** 
11:14:49.612 [main] INFO  - ************ verify the health insurance page is displayed *************** 
11:14:50.177 [main] INFO  - ************ hover the health insurance menu *************** 
11:14:50.539 [main] INFO  - ************ Retrieve all the sub menus successfully *************** 
11:59:59.907 [main] INFO  - ************ Navigate to travel insurance page *************** 
12:00:05.060 [main] INFO  - ************ Click on Any destination country *************** 
12:00:08.406 [main] INFO  - ************ click on next page to navigate date page *************** 
12:00:08.780 [main] INFO  - ************ choose the date and click on next *************** 
12:00:12.947 [main] INFO  - ************ Select number of traveller and age and click on next *************** 
12:00:20.092 [main] INFO  - ************ Choose the medical history details *************** 
12:00:21.151 [main] INFO  - ************ The plan page is visible *************** 
12:01:31.726 [main] INFO  - ********** Navigate to car insurance page **************** 
12:04:38.632 [main] INFO  - ************ Navigate to travel insurance page *************** 
12:04:59.821 [main] INFO  - ************ Click on Any destination country *************** 
12:05:48.072 [main] INFO  - ************ Navigate to travel insurance page *************** 
12:05:53.657 [main] INFO  - ************ Click on Any destination country *************** 
12:05:56.942 [main] INFO  - ************ click on next page to navigate date page *************** 
12:05:57.258 [main] INFO  - ************ choose the date and click on next *************** 
12:06:01.131 [main] INFO  - ************ Select number of traveller and age and click on next *************** 
12:06:08.023 [main] INFO  - ************ Choose the medical history details *************** 
12:06:08.408 [main] INFO  - ************ The plan page is visible *************** 
12:06:17.713 [main] INFO  - ************ The premium low to hign is select *************** 
12:06:46.415 [main] INFO  - ********** Navigate to car insurance page **************** 
12:06:49.722 [main] INFO  - ************ Proceed without providing car number *************** 
12:06:53.100 [main] INFO  - ************ Select city and RTO number *************** 
12:07:41.144 [main] INFO  - ************ Navigate to travel insurance page *************** 
12:07:45.809 [main] INFO  - ************ Click on Any destination country *************** 
12:07:49.072 [main] INFO  - ************ click on next page to navigate date page *************** 
12:07:49.394 [main] INFO  - ************ choose the date and click on next *************** 
12:07:53.250 [main] INFO  - ************ Select number of traveller and age and click on next *************** 
12:08:00.364 [main] INFO  - ************ Choose the medical history details *************** 
12:08:00.929 [main] INFO  - ************ The plan page is visible *************** 
12:08:10.291 [main] INFO  - ************ The premium low to hign is select *************** 
12:08:28.862 [main] INFO  - ************ The lowest international travel plan is displayed *************** 
12:09:21.893 [main] INFO  - ********** Navigate to car insurance page **************** 
12:09:25.120 [main] INFO  - ************ Proceed without providing car number *************** 
12:11:53.714 [main] INFO  - ************ Navigate to travel insurance page *************** 
12:16:11.353 [main] INFO  - ************ Navigate to travel insurance page *************** 
12:16:13.986 [main] INFO  - ************ Click on Any destination country *************** 
12:16:17.274 [main] INFO  - ************ click on next page to navigate date page *************** 
12:16:17.618 [main] INFO  - ************ choose the date and click on next *************** 
12:16:21.550 [main] INFO  - ************ Select number of traveller and age and click on next *************** 
12:16:28.477 [main] INFO  - ************ Choose the medical history details *************** 
12:16:29.087 [main] INFO  - ************ The plan page is visible *************** 
12:16:38.437 [main] INFO  - ************ The premium low to hign is select *************** 
12:16:57.047 [main] INFO  - ************ The lowest international travel plan is displayed *************** 
12:17:06.752 [main] INFO  - ********** Navigate to car insurance page **************** 
12:17:09.961 [main] INFO  - ************ Proceed without providing car number *************** 
12:17:13.239 [main] INFO  - ************ Select city and RTO number *************** 
12:17:19.607 [main] INFO  - ************ Select car brand *************** 
12:17:22.824 [main] INFO  - ************ Select car model *************** 
12:17:26.009 [main] INFO  - ************ Select car varient *************** 
12:17:29.213 [main] INFO  - ************ Verify the user details page is displayed *************** 
12:17:29.425 [main] INFO  - ************ Fill the invalid phone number or email *************** 
12:17:35.941 [main] INFO  - ************ Print the error message *************** 
12:17:47.886 [main] INFO  - ************ Click insurance products menu *************** 
12:17:48.329 [main] INFO  - ************ Navigate to Health insurance page *************** 
12:18:20.897 [main] INFO  - ************ verify the health insurance page is displayed *************** 
12:18:21.097 [main] INFO  - ************ hover the health insurance menu *************** 
12:18:21.407 [main] INFO  - ************ Retrieve all the sub menus successfully *************** 
12:32:05.559 [main] INFO  - ************ Navigate to travel insurance page *************** 
12:32:08.663 [main] INFO  - ************ Click on Any destination country *************** 
12:32:11.939 [main] INFO  - ************ click on next page to navigate date page *************** 
12:32:12.236 [main] INFO  - ************ choose the date and click on next *************** 
12:32:16.098 [main] INFO  - ************ Select number of traveller and age and click on next *************** 
12:32:23.011 [main] INFO  - ************ Choose the medical history details *************** 
12:32:23.448 [main] INFO  - ************ The plan page is visible *************** 
12:32:32.872 [main] INFO  - ************ The premium low to hign is select *************** 
12:32:51.458 [main] INFO  - ************ The lowest international travel plan is displayed *************** 
12:33:31.087 [main] INFO  - ********** Navigate to car insurance page **************** 
12:33:34.340 [main] INFO  - ************ Proceed without providing car number *************** 
12:33:37.655 [main] INFO  - ************ Select city and RTO number *************** 
12:33:44.029 [main] INFO  - ************ Select car brand *************** 
12:33:47.276 [main] INFO  - ************ Select car model *************** 
12:33:50.476 [main] INFO  - ************ Select car varient *************** 
12:33:53.641 [main] INFO  - ************ Verify the user details page is displayed *************** 
12:33:53.989 [main] INFO  - ************ Fill the invalid phone number or email *************** 
12:34:00.490 [main] INFO  - ************ Print the error message *************** 
12:34:11.269 [main] INFO  - ************ Click insurance products menu *************** 
12:34:11.880 [main] INFO  - ************ Navigate to Health insurance page *************** 
12:34:41.590 [main] INFO  - ************ verify the health insurance page is displayed *************** 
12:34:41.792 [main] INFO  - ************ hover the health insurance menu *************** 
12:34:42.111 [main] INFO  - ************ Retrieve all the sub menus successfully *************** 
12:46:34.741 [main] INFO  - ********** Navigate to car insurance page **************** 
12:46:38.059 [main] INFO  - ************ Proceed without providing car number *************** 
12:46:39.240 [main] INFO  - ************ Select city and RTO number *************** 
12:46:42.989 [main] INFO  - ************ Select car brand *************** 
12:46:43.237 [main] INFO  - ************ Select car model *************** 
12:46:43.490 [main] INFO  - ************ Select car varient *************** 
12:46:43.820 [main] INFO  - ************ Verify the user details page is displayed *************** 
12:46:43.971 [main] INFO  - ************ Fill the invalid phone number or email *************** 
12:46:50.056 [main] INFO  - ************ Print the error message *************** 
12:48:32.089 [main] INFO  - ********** Navigate to car insurance page **************** 
12:48:35.380 [main] INFO  - ************ Proceed without providing car number *************** 
12:48:37.040 [main] INFO  - ************ Select city and RTO number *************** 
12:48:37.746 [main] INFO  - ************ Select car brand *************** 
12:48:38.033 [main] INFO  - ************ Select car model *************** 
12:48:38.347 [main] INFO  - ************ Select car varient *************** 
12:50:22.397 [main] INFO  - ********** Navigate to car insurance page **************** 
12:50:25.712 [main] INFO  - ************ Proceed without providing car number *************** 
12:50:27.043 [main] INFO  - ************ Select city and RTO number *************** 
12:50:27.631 [main] INFO  - ************ Select car brand *************** 
12:50:27.898 [main] INFO  - ************ Select car model *************** 
12:50:28.157 [main] INFO  - ************ Select car varient *************** 
12:50:28.478 [main] INFO  - ************ Verify the user details page is displayed *************** 
12:50:28.668 [main] INFO  - ************ Fill the invalid phone number or email *************** 
12:50:34.621 [main] INFO  - ************ Print the error message *************** 
12:52:24.048 [main] INFO  - ********** Navigate to car insurance page **************** 
12:52:27.352 [main] INFO  - ************ Proceed without providing car number *************** 
12:52:29.677 [main] INFO  - ************ Select city and RTO number *************** 
12:52:30.530 [main] INFO  - ************ Select car brand *************** 
12:52:30.954 [main] INFO  - ************ Select car model *************** 
12:52:31.263 [main] INFO  - ************ Select car varient *************** 
12:52:31.482 [main] INFO  - ************ Verify the user details page is displayed *************** 
12:52:31.698 [main] INFO  - ************ Fill the invalid phone number or email *************** 
12:52:37.662 [main] INFO  - ************ Print the error message *************** 
13:02:54.079 [main] INFO  - ********** Navigate to car insurance page **************** 
13:02:57.368 [main] INFO  - ************ Proceed without providing car number *************** 
13:02:59.721 [main] INFO  - ************ Select city and RTO number *************** 
13:03:04.067 [main] INFO  - ************ Select car brand *************** 
13:03:06.294 [main] INFO  - ************ Select car model *************** 
13:03:08.461 [main] INFO  - ************ Select car varient *************** 
13:03:10.665 [main] INFO  - ************ Verify the user details page is displayed *************** 
13:03:10.854 [main] INFO  - ************ Fill the invalid phone number or email *************** 
13:03:16.789 [main] INFO  - ************ Print the error message *************** 
13:53:14.263 [main] INFO  - ********** Navigate to car insurance page **************** 
13:53:17.620 [main] INFO  - ************ Proceed without providing car number *************** 
13:53:20.022 [main] INFO  - ************ Select city and RTO number *************** 
13:53:24.418 [main] INFO  - ************ Select car brand *************** 
13:53:26.685 [main] INFO  - ************ Select car model *************** 
13:53:28.856 [main] INFO  - ************ Select car varient *************** 
13:53:31.036 [main] INFO  - ************ Verify the user details page is displayed *************** 
13:53:31.238 [main] INFO  - ************ Fill the invalid phone number or email *************** 
13:53:37.298 [main] INFO  - ************ Print the error message *************** 
13:57:08.819 [main] INFO  - ************ Navigate to travel insurance page *************** 
13:57:12.074 [main] INFO  - ************ Click on Any destination country *************** 
13:57:15.419 [main] INFO  - ************ click on next page to navigate date page *************** 
13:57:15.752 [main] INFO  - ************ choose the date and click on next *************** 
13:57:19.874 [main] INFO  - ************ Select number of traveller and age and click on next *************** 
13:57:26.974 [main] INFO  - ************ Choose the medical history details *************** 
13:57:27.387 [main] INFO  - ************ The plan page is visible *************** 
13:58:34.615 [main] INFO  - ************ Navigate to travel insurance page *************** 
13:58:38.033 [main] INFO  - ************ Click on Any destination country *************** 
13:58:41.364 [main] INFO  - ************ click on next page to navigate date page *************** 
13:58:41.627 [main] INFO  - ************ choose the date and click on next *************** 
13:58:45.524 [main] INFO  - ************ Select number of traveller and age and click on next *************** 
13:58:52.550 [main] INFO  - ************ Choose the medical history details *************** 
13:58:52.970 [main] INFO  - ************ The plan page is visible *************** 
13:59:27.917 [main] INFO  - ********** Navigate to car insurance page **************** 
13:59:31.205 [main] INFO  - ************ Proceed without providing car number *************** 
13:59:32.483 [main] INFO  - ************ Select city and RTO number *************** 
13:59:33.210 [main] INFO  - ************ Select car brand *************** 
13:59:33.470 [main] INFO  - ************ Select car model *************** 
13:59:33.708 [main] INFO  - ************ Select car varient *************** 
13:59:33.989 [main] INFO  - ************ Verify the user details page is displayed *************** 
13:59:34.211 [main] INFO  - ************ Fill the invalid phone number or email *************** 
13:59:39.705 [main] INFO  - ************ Print the error message *************** 
14:00:20.881 [main] INFO  - ************ Click insurance products menu *************** 
14:00:21.305 [main] INFO  - ************ Navigate to Health insurance page *************** 
14:00:52.819 [main] INFO  - ************ verify the health insurance page is displayed *************** 
14:00:53.025 [main] INFO  - ************ hover the health insurance menu *************** 
14:00:53.312 [main] INFO  - ************ Retrieve all the sub menus successfully *************** 
14:04:45.134 [main] INFO  - ************ Navigate to travel insurance page *************** 
14:04:48.350 [main] INFO  - ************ Click on Any destination country *************** 
14:04:51.642 [main] INFO  - ************ click on next page to navigate date page *************** 
14:04:51.940 [main] INFO  - ************ choose the date and click on next *************** 
14:04:55.959 [main] INFO  - ************ Select number of traveller and age and click on next *************** 
14:05:03.027 [main] INFO  - ************ Choose the medical history details *************** 
14:05:03.427 [main] INFO  - ************ The plan page is visible *************** 
14:07:13.472 [main] INFO  - ************ Navigate to travel insurance page *************** 
14:07:16.832 [main] INFO  - ************ Click on Any destination country *************** 
14:07:20.104 [main] INFO  - ************ click on next page to navigate date page *************** 
14:07:20.408 [main] INFO  - ************ choose the date and click on next *************** 
14:07:24.290 [main] INFO  - ************ Select number of traveller and age and click on next *************** 
14:07:31.501 [main] INFO  - ************ Choose the medical history details *************** 
14:07:36.871 [main] INFO  - ************ The plan page is visible *************** 
14:12:01.271 [main] INFO  - ************ Navigate to travel insurance page *************** 
14:12:08.309 [main] INFO  - ************ Click on Any destination country *************** 
14:12:11.562 [main] INFO  - ************ click on next page to navigate date page *************** 
14:12:11.865 [main] INFO  - ************ choose the date and click on next *************** 
14:12:15.774 [main] INFO  - ************ Select number of traveller and age and click on next *************** 
14:12:22.824 [main] INFO  - ************ Choose the medical history details *************** 
14:12:26.321 [main] INFO  - ************ The plan page is visible *************** 
14:13:30.960 [main] INFO  - ********** Navigate to car insurance page **************** 
14:13:34.233 [main] INFO  - ************ Proceed without providing car number *************** 
14:13:35.486 [main] INFO  - ************ Select city and RTO number *************** 
14:13:36.200 [main] INFO  - ************ Select car brand *************** 
14:13:36.468 [main] INFO  - ************ Select car model *************** 
14:13:36.715 [main] INFO  - ************ Select car varient *************** 
14:13:37.020 [main] INFO  - ************ Verify the user details page is displayed *************** 
14:13:37.197 [main] INFO  - ************ Fill the invalid phone number or email *************** 
14:13:42.802 [main] INFO  - ************ Print the error message *************** 
14:14:23.857 [main] INFO  - ************ Click insurance products menu *************** 
14:14:24.272 [main] INFO  - ************ Navigate to Health insurance page *************** 
14:15:31.646 [main] INFO  - ************ Navigate to travel insurance page *************** 
14:15:34.980 [main] INFO  - ************ Click on Any destination country *************** 
14:15:38.278 [main] INFO  - ************ click on next page to navigate date page *************** 
14:15:38.562 [main] INFO  - ************ choose the date and click on next *************** 
14:15:42.543 [main] INFO  - ************ Select number of traveller and age and click on next *************** 
14:15:49.601 [main] INFO  - ************ Choose the medical history details *************** 
14:15:53.073 [main] INFO  - ************ The plan page is visible *************** 
14:20:38.983 [main] INFO  - ************ Navigate to travel insurance page *************** 
14:20:42.490 [main] INFO  - ************ Click on Any destination country *************** 
14:20:45.758 [main] INFO  - ************ click on next page to navigate date page *************** 
14:20:46.093 [main] INFO  - ************ choose the date and click on next *************** 
14:20:50.039 [main] INFO  - ************ Select number of traveller and age and click on next *************** 
14:20:56.988 [main] INFO  - ************ Choose the medical history details *************** 
14:20:57.485 [main] INFO  - ************ The plan page is visible *************** 
14:22:24.291 [main] INFO  - ************ Navigate to travel insurance page *************** 
14:22:27.581 [main] INFO  - ************ Click on Any destination country *************** 
14:22:30.888 [main] INFO  - ************ click on next page to navigate date page *************** 
14:22:31.187 [main] INFO  - ************ choose the date and click on next *************** 
14:22:35.247 [main] INFO  - ************ Select number of traveller and age and click on next *************** 
14:22:42.283 [main] INFO  - ************ Choose the medical history details *************** 
14:22:42.671 [main] INFO  - ************ The plan page is visible *************** 
14:23:57.087 [main] INFO  - ************ Navigate to travel insurance page *************** 
14:24:00.331 [main] INFO  - ************ Click on Any destination country *************** 
14:24:03.605 [main] INFO  - ************ click on next page to navigate date page *************** 
14:24:03.903 [main] INFO  - ************ choose the date and click on next *************** 
14:24:07.704 [main] INFO  - ************ Select number of traveller and age and click on next *************** 
14:24:14.688 [main] INFO  - ************ Choose the medical history details *************** 
14:24:15.086 [main] INFO  - ************ The plan page is visible *************** 
14:26:01.831 [main] INFO  - ************ Navigate to travel insurance page *************** 
14:26:04.969 [main] INFO  - ************ Click on Any destination country *************** 
14:26:08.216 [main] INFO  - ************ click on next page to navigate date page *************** 
14:26:08.563 [main] INFO  - ************ choose the date and click on next *************** 
14:26:12.385 [main] INFO  - ************ Select number of traveller and age and click on next *************** 
14:26:19.373 [main] INFO  - ************ Choose the medical history details *************** 
14:26:19.806 [main] INFO  - ************ The plan page is visible *************** 
14:31:40.578 [main] INFO  - ************ Navigate to travel insurance page *************** 
14:31:43.857 [main] INFO  - ************ Click on Any destination country *************** 
14:31:47.116 [main] INFO  - ************ click on next page to navigate date page *************** 
14:31:47.430 [main] INFO  - ************ choose the date and click on next *************** 
14:31:51.228 [main] INFO  - ************ Select number of traveller and age and click on next *************** 
14:31:59.425 [main] INFO  - ************ Choose the medical history details *************** 
14:32:02.796 [main] INFO  - ************ The plan page is visible *************** 
14:32:47.710 [main] INFO  - ************ Navigate to travel insurance page *************** 
14:32:51.402 [main] INFO  - ************ Click on Any destination country *************** 
14:32:54.720 [main] INFO  - ************ click on next page to navigate date page *************** 
14:32:55.001 [main] INFO  - ************ choose the date and click on next *************** 
14:32:58.923 [main] INFO  - ************ Select number of traveller and age and click on next *************** 
14:33:05.872 [main] INFO  - ************ Choose the medical history details *************** 
14:33:11.083 [main] INFO  - ************ The plan page is visible *************** 
14:35:59.974 [main] INFO  - ************ Navigate to travel insurance page *************** 
14:36:03.325 [main] INFO  - ************ Click on Any destination country *************** 
14:36:06.597 [main] INFO  - ************ click on next page to navigate date page *************** 
14:36:06.926 [main] INFO  - ************ choose the date and click on next *************** 
14:36:10.813 [main] INFO  - ************ Select number of traveller and age and click on next *************** 
14:36:17.785 [main] INFO  - ************ Choose the medical history details *************** 
14:36:21.275 [main] INFO  - ************ The plan page is visible *************** 
14:38:20.649 [main] INFO  - ************ Navigate to travel insurance page *************** 
14:38:27.218 [main] INFO  - ************ Click on Any destination country *************** 
14:38:30.489 [main] INFO  - ************ click on next page to navigate date page *************** 
14:38:30.760 [main] INFO  - ************ choose the date and click on next *************** 
14:38:34.655 [main] INFO  - ************ Select number of traveller and age and click on next *************** 
14:38:41.610 [main] INFO  - ************ Choose the medical history details *************** 
14:38:45.091 [main] INFO  - ************ The plan page is visible *************** 
14:42:54.874 [main] INFO  - ************ Navigate to travel insurance page *************** 
